<?xml version="1.0" encoding="UTF-8"?>
<!-- Generated by org.testng.reporters.JUnitXMLReporter -->
<testsuite ignored="0" hostname="NishMage" failures="0" tests="3" name="Default test" time="27.026" errors="0" timestamp="2025-08-22T11:39:47 IST">
  <testcase classname="selenium.SearchProducts" name="search_products" time="10.044"/>
  <testcase classname="selenium.SearchProducts" name="select_products" time="4.658"/>
  <testcase classname="selenium.SearchProducts" name="addCart" time="0.263"/>
</testsuite> <!-- Default test -->
