<?xml version="1.0" encoding="UTF-8"?>
<!-- Generated by org.testng.reporters.JUnitReportReporter -->
<testsuite hostname="NishMage" failures="0" tests="4" name="restassured.UserManagement" time="5.160" errors="0" timestamp="2025-08-22T12:20:00 IST" skipped="0">
  <testcase classname="restassured.UserManagement" name="create_user" time="3.950"/>
  <testcase classname="restassured.UserManagement" name="delete_user" time="0.566"/>
  <testcase classname="restassured.UserManagement" name="update_user" time="0.413"/>
  <testcase classname="restassured.UserManagement" name="get_all_users" time="0.231"/>
</testsuite> <!-- restassured.UserManagement -->
