<?xml version="1.0" encoding="UTF-8"?>
<!-- Generated by org.testng.reporters.JUnitReportReporter -->
<testsuite hostname="NishMage" failures="0" tests="4" name="restassured.Posts" time="3.042" errors="0" timestamp="2025-08-22T12:20:00 IST" skipped="0">
  <testcase classname="restassured.Posts" name="get_all_posts" time="0.216"/>
  <testcase classname="restassured.Posts" name="get_posts_by_id" time="1.842"/>
  <testcase classname="restassured.Posts" name="create_post" time="0.301"/>
  <testcase classname="restassured.Posts" name="get_posts_by_userid" time="0.683"/>
</testsuite> <!-- restassured.Posts -->
