<?xml version="1.0" encoding="UTF-8"?>
<!-- Generated by org.testng.reporters.JUnitReportReporter -->
<testsuite hostname="NishMage" failures="0" tests="2" name="selenium.FilterProducts" time="13.266" errors="0" timestamp="2025-08-22T11:44:34 IST" skipped="0">
  <testcase classname="selenium.FilterProducts" name="searchProducts" time="0.728">
    <system-out>
      <![CDATA[Starting the test case searchProducts
Status of the execution 1]]>
    </system-out>
  </testcase> <!-- searchProducts -->
  <testcase classname="selenium.FilterProducts" name="filterProducts" time="12.538">
    <system-out>
      <![CDATA[Starting the test case filterProducts
Status of the execution 1]]>
    </system-out>
  </testcase> <!-- filterProducts -->
  <system-out>
    <![CDATA[Starting the test case search_products
Status of the execution 1
Starting the test case select_products
Status of the execution 1
Starting the test case addCart
Status of the execution 1
Starting the test case search_products
Status of the execution 1
Starting the test case filter_select_products
Status of the execution 1
Starting the test case add_to_cart
Status of the execution 1
Starting the test case payment
Status of the execution 1
Starting the test case searchProducts
Status of the execution 1
Starting the test case filterProducts
Status of the execution 1
Starting the test case searchProducts
Status of the execution 1
Starting the test case sortPrice
Status of the execution 1
Starting the test case Order_Details
Status of the execution 1]]>
  </system-out>
</testsuite> <!-- selenium.FilterProducts -->
