<?xml version="1.0" encoding="UTF-8"?>
<!-- Generated by org.testng.reporters.JUnitReportReporter -->
<testsuite hostname="NishMage" failures="0" tests="4" name="selenium.AddToCart" time="26.388" errors="0" timestamp="2025-08-22T11:44:34 IST" skipped="0">
  <testcase classname="selenium.AddToCart" name="search_products" time="5.145">
    <system-out>
      <![CDATA[Starting the test case search_products
Status of the execution 1]]>
    </system-out>
  </testcase> <!-- search_products -->
  <testcase classname="selenium.AddToCart" name="add_to_cart" time="2.994">
    <system-out>
      <![CDATA[Starting the test case add_to_cart
Status of the execution 1]]>
    </system-out>
  </testcase> <!-- add_to_cart -->
  <testcase classname="selenium.AddToCart" name="filter_select_products" time="13.418">
    <system-out>
      <![CDATA[Starting the test case filter_select_products
Status of the execution 1]]>
    </system-out>
  </testcase> <!-- filter_select_products -->
  <testcase classname="selenium.AddToCart" name="payment" time="4.831">
    <system-out>
      <![CDATA[Starting the test case payment
Status of the execution 1]]>
    </system-out>
  </testcase> <!-- payment -->
  <system-out>
    <![CDATA[Starting the test case search_products
Status of the execution 1
Starting the test case select_products
Status of the execution 1
Starting the test case addCart
Status of the execution 1
Starting the test case search_products
Status of the execution 1
Starting the test case filter_select_products
Status of the execution 1
Starting the test case add_to_cart
Status of the execution 1
Starting the test case payment
Status of the execution 1
Starting the test case searchProducts
Status of the execution 1
Starting the test case filterProducts
Status of the execution 1
Starting the test case searchProducts
Status of the execution 1
Starting the test case sortPrice
Status of the execution 1
Starting the test case Order_Details
Status of the execution 1]]>
  </system-out>
</testsuite> <!-- selenium.AddToCart -->
