<?xml version="1.0" encoding="UTF-8"?>
<!-- Generated by org.testng.reporters.JUnitReportReporter -->
<testsuite hostname="NishMage" failures="0" tests="3" name="restassured.UserManagement_GraphQL" time="1.263" errors="0" timestamp="2025-08-22T12:20:00 IST" skipped="0">
  <testcase classname="restassured.UserManagement_GraphQL" name="create_user" time="0.663"/>
  <testcase classname="restassured.UserManagement_GraphQL" name="get_user_by_id" time="0.304"/>
  <testcase classname="restassured.UserManagement_GraphQL" name="create_user" time="0.296"/>
</testsuite> <!-- restassured.UserManagement_GraphQL -->
