<?xml version="1.0" encoding="UTF-8"?>
<!-- Generated by org.testng.reporters.JUnitReportReporter -->
<testsuite hostname="NishMage" failures="0" tests="3" name="selenium.SearchProducts" time="17.621" errors="0" timestamp="2025-08-22T11:44:34 IST" skipped="0">
  <testcase classname="selenium.SearchProducts" name="search_products" time="8.526">
    <system-out>
      <![CDATA[Starting the test case search_products
Status of the execution 1]]>
    </system-out>
  </testcase> <!-- search_products -->
  <testcase classname="selenium.SearchProducts" name="addCart" time="3.056">
    <system-out>
      <![CDATA[Starting the test case addCart
Status of the execution 1]]>
    </system-out>
  </testcase> <!-- addCart -->
  <testcase classname="selenium.SearchProducts" name="select_products" time="6.039">
    <system-out>
      <![CDATA[Starting the test case select_products
Status of the execution 1]]>
    </system-out>
  </testcase> <!-- select_products -->
  <system-out>
    <![CDATA[Starting the test case search_products
Status of the execution 1
Starting the test case select_products
Status of the execution 1
Starting the test case addCart
Status of the execution 1
Starting the test case search_products
Status of the execution 1
Starting the test case filter_select_products
Status of the execution 1
Starting the test case add_to_cart
Status of the execution 1
Starting the test case payment
Status of the execution 1
Starting the test case searchProducts
Status of the execution 1
Starting the test case filterProducts
Status of the execution 1
Starting the test case searchProducts
Status of the execution 1
Starting the test case sortPrice
Status of the execution 1
Starting the test case Order_Details
Status of the execution 1]]>
  </system-out>
</testsuite> <!-- selenium.SearchProducts -->
